Active-HDL 8.3.2120.sp1.14.3884  2020-07-20 14:04:01

Elaboration top modules:
VHDL Configuration            testbench_for_processor


-------------------------------------------------------------------------------------------------------------------
Entity       | Architecture    | Library            | Info | Compiler Version                | Compilation Options
-------------------------------------------------------------------------------------------------------------------
processor_tb | tb_architecture | hscd_final_project |      | 8.3.2120.sp1.14.3884  (Windows) | -O3 -2002
PROCESSOR    | behaviour       | hscd_final_project |      | 8.3.2120.sp1.14.3884  (Windows) | -O3 -2002
Reg          | behaviour       | hscd_final_project |      | 8.3.2120.sp1.14.3884  (Windows) | -O3 -2002
PC           | behaviour       | hscd_final_project |      | 8.3.2120.sp1.14.3884  (Windows) | -O3 -2002
IR           | behaviour       | hscd_final_project |      | 8.3.2120.sp1.14.3884  (Windows) | -O3 -2002
ROM          | behaviour       | hscd_final_project |      | 8.3.2120.sp1.14.3884  (Windows) | -O3 -2002
MUX41        | behaviour       | hscd_final_project |      | 8.3.2120.sp1.14.3884  (Windows) | -O3 -2002
MUX21        | behaviour       | hscd_final_project |      | 8.3.2120.sp1.14.3884  (Windows) | -O3 -2002
ALU          | behaviour       | hscd_final_project |      | 8.3.2120.sp1.14.3884  (Windows) | -O3 -2002
Control      | behaviour       | hscd_final_project |      | 8.3.2120.sp1.14.3884  (Windows) | -O3 -2002
-------------------------------------------------------------------------------------------------------------------

-------------------------------------------------------------------------------------------------------------------
VHDL Configuration             | Library            | Info | Compiler Version                | Compilation Options
-------------------------------------------------------------------------------------------------------------------
testbench_for_processor        | hscd_final_project |      | 8.3.2120.sp1.14.3884  (Windows) | -O3 -2002
-------------------------------------------------------------------------------------------------------------------

-------------------------------------------------------------------------------------------------------------------
VHDL Package                   | Library            | Info | Compiler Version                | Compilation Options
-------------------------------------------------------------------------------------------------------------------
standard                       | std                |      |                                 | <unavailable>
TEXTIO                         | std                |      | 8.3.2120.sp1.14.3884  (Windows) | -2008
std_logic_1164                 | ieee               |      | 8.3.2120.sp1.14.3884  (Windows) | -2008
NUMERIC_STD                    | ieee               |      | 8.3.2120.sp1.14.3884  (Windows) | -2008
-------------------------------------------------------------------------------------------------------------------

-------------------------------------------------------------------------------------------------------------------
Library                        | Comment
-------------------------------------------------------------------------------------------------------------------
hscd_final_project             | None
ieee                           | Standard IEEE packages library
std                            | Standard VHDL library
-------------------------------------------------------------------------------------------------------------------
